mode: set
github.com/eben-vranken/promcap/countervec.go:12.110,18.39 3 1
github.com/eben-vranken/promcap/countervec.go:18.39,18.71 1 1
github.com/eben-vranken/promcap/countervec.go:20.2,21.12 2 1
github.com/eben-vranken/promcap/countervec.go:24.80,26.2 1 1
github.com/eben-vranken/promcap/countervec.go:28.80,30.2 1 1
github.com/eben-vranken/promcap/countervec.go:32.67,32.98 1 1
github.com/eben-vranken/promcap/countervec.go:33.67,33.97 1 1
github.com/eben-vranken/promcap/countervec.go:35.98,37.2 1 1
github.com/eben-vranken/promcap/countervec.go:39.98,41.2 1 1
github.com/eben-vranken/promcap/countervec.go:43.38,46.2 2 1
github.com/eben-vranken/promcap/gauge.go:12.104,19.39 3 1
github.com/eben-vranken/promcap/gauge.go:19.39,19.71 1 0
github.com/eben-vranken/promcap/gauge.go:21.2,22.12 2 1
github.com/eben-vranken/promcap/gauge.go:25.76,27.2 1 1
github.com/eben-vranken/promcap/gauge.go:29.76,31.2 1 1
github.com/eben-vranken/promcap/gauge.go:33.65,33.94 1 1
github.com/eben-vranken/promcap/gauge.go:34.65,34.93 1 1
github.com/eben-vranken/promcap/gauge.go:36.94,38.2 1 1
github.com/eben-vranken/promcap/gauge.go:40.94,42.2 1 1
github.com/eben-vranken/promcap/gauge.go:44.36,47.2 2 0
github.com/eben-vranken/promcap/histogram.go:12.116,19.40 3 1
github.com/eben-vranken/promcap/histogram.go:19.40,19.73 1 0
github.com/eben-vranken/promcap/histogram.go:21.2,23.13 2 1
github.com/eben-vranken/promcap/histogram.go:26.83,28.2 1 1
github.com/eben-vranken/promcap/histogram.go:30.83,32.2 1 1
github.com/eben-vranken/promcap/histogram.go:34.69,34.102 1 1
github.com/eben-vranken/promcap/histogram.go:35.69,35.101 1 1
github.com/eben-vranken/promcap/histogram.go:37.101,39.2 1 1
github.com/eben-vranken/promcap/histogram.go:41.101,43.2 1 1
github.com/eben-vranken/promcap/histogram.go:45.40,48.2 2 0
github.com/eben-vranken/promcap/limiter.go:30.103,34.35 3 1
github.com/eben-vranken/promcap/limiter.go:34.35,36.3 1 1
github.com/eben-vranken/promcap/limiter.go:38.2,38.40 1 1
github.com/eben-vranken/promcap/limiter.go:38.40,41.10 2 1
github.com/eben-vranken/promcap/limiter.go:41.10,42.88 1 1
github.com/eben-vranken/promcap/limiter.go:45.3,47.32 2 1
github.com/eben-vranken/promcap/limiter.go:47.32,49.4 1 1
github.com/eben-vranken/promcap/limiter.go:51.3,51.30 1 1
github.com/eben-vranken/promcap/limiter.go:54.2,54.25 1 1
github.com/eben-vranken/promcap/limiter.go:54.25,56.3 1 1
github.com/eben-vranken/promcap/limiter.go:58.2,67.3 1 1
github.com/eben-vranken/promcap/limiter.go:70.52,74.38 3 1
github.com/eben-vranken/promcap/limiter.go:74.38,77.10 2 1
github.com/eben-vranken/promcap/limiter.go:77.10,78.12 1 1
github.com/eben-vranken/promcap/limiter.go:81.3,83.15 2 1
github.com/eben-vranken/promcap/limiter.go:83.15,85.4 1 1
github.com/eben-vranken/promcap/limiter.go:88.2,90.35 2 1
github.com/eben-vranken/promcap/limiter.go:90.35,93.3 2 1
github.com/eben-vranken/promcap/limiter.go:95.2,95.36 1 1
github.com/eben-vranken/promcap/limiter.go:95.36,96.17 1 1
github.com/eben-vranken/promcap/limiter.go:96.17,98.4 1 1
github.com/eben-vranken/promcap/limiter.go:99.3,99.20 1 1
github.com/eben-vranken/promcap/limiter.go:102.2,104.12 3 1
github.com/eben-vranken/promcap/limiter.go:108.53,114.38 4 1
github.com/eben-vranken/promcap/limiter.go:114.38,117.9 2 1
github.com/eben-vranken/promcap/limiter.go:117.9,120.15 2 1
github.com/eben-vranken/promcap/limiter.go:120.15,122.13 2 1
github.com/eben-vranken/promcap/limiter.go:126.3,127.22 2 1
github.com/eben-vranken/promcap/limiter.go:130.2,130.19 1 1
github.com/eben-vranken/promcap/limiter.go:130.19,131.22 1 1
github.com/eben-vranken/promcap/limiter.go:131.22,133.4 1 1
github.com/eben-vranken/promcap/limiter.go:136.2,136.12 1 1
github.com/eben-vranken/promcap/limiter.go:139.62,141.38 2 1
github.com/eben-vranken/promcap/limiter.go:141.38,143.10 2 1
github.com/eben-vranken/promcap/limiter.go:143.10,144.81 1 1
github.com/eben-vranken/promcap/limiter.go:146.3,146.13 1 1
github.com/eben-vranken/promcap/limiter.go:148.2,148.12 1 1
github.com/eben-vranken/promcap/limiter.go:151.29,156.2 4 1
github.com/eben-vranken/promcap/limiter.go:158.35,160.17 2 1
github.com/eben-vranken/promcap/limiter.go:160.17,162.3 1 0
github.com/eben-vranken/promcap/limiter.go:163.2,166.24 4 1
github.com/eben-vranken/promcap/limiter.go:166.24,168.3 1 1
github.com/eben-vranken/promcap/promcap.go:28.43,37.26 4 1
github.com/eben-vranken/promcap/promcap.go:37.26,39.3 1 1
github.com/eben-vranken/promcap/promcap.go:39.8,39.23 1 1
github.com/eben-vranken/promcap/promcap.go:39.23,40.13 1 1
github.com/eben-vranken/promcap/promcap.go:43.2,43.10 1 1
github.com/eben-vranken/promcap/summary.go:12.110,19.41 3 1
github.com/eben-vranken/promcap/summary.go:19.41,19.75 1 0
github.com/eben-vranken/promcap/summary.go:21.2,22.14 2 1
github.com/eben-vranken/promcap/summary.go:25.82,27.2 1 1
github.com/eben-vranken/promcap/summary.go:29.82,31.2 1 1
github.com/eben-vranken/promcap/summary.go:33.68,33.100 1 1
github.com/eben-vranken/promcap/summary.go:34.68,34.99 1 1
github.com/eben-vranken/promcap/summary.go:36.100,38.2 1 1
github.com/eben-vranken/promcap/summary.go:40.100,42.2 1 1
github.com/eben-vranken/promcap/summary.go:44.39,47.2 2 0
