mode: set
github.com/eben-vranken/promcap/countervec.go:10.108,18.2 3 1
github.com/eben-vranken/promcap/countervec.go:20.80,22.2 1 1
github.com/eben-vranken/promcap/gauge.go:10.102,18.2 3 0
github.com/eben-vranken/promcap/gauge.go:20.76,22.2 1 0
github.com/eben-vranken/promcap/histogram.go:10.114,18.2 3 0
github.com/eben-vranken/promcap/histogram.go:20.83,22.2 1 0
github.com/eben-vranken/promcap/limiter.go:14.41,19.2 1 1
github.com/eben-vranken/promcap/limiter.go:21.52,29.8 5 1
github.com/eben-vranken/promcap/limiter.go:29.8,31.3 1 0
github.com/eben-vranken/promcap/limiter.go:33.2,33.35 1 1
github.com/eben-vranken/promcap/limiter.go:33.35,36.3 2 1
github.com/eben-vranken/promcap/limiter.go:38.2,40.29 2 1
github.com/eben-vranken/promcap/limiter.go:40.29,42.3 1 1
github.com/eben-vranken/promcap/limiter.go:44.2,44.17 1 1
github.com/eben-vranken/promcap/promcap.go:13.43,15.2 1 1
